<?xml version="1.0" encoding="UTF-8"?>
<!-- Generated by org.testng.reporters.JUnitReportReporter -->
<testsuite hostname="Bujuku" failures="0" tests="2" name="com.simplilearn.testng.Test.StockManagementTest" time="0.012" errors="0" timestamp="2023-12-22T17:35:51 IST" skipped="0">
  <testcase classname="com.simplilearn.testng.Test.StockManagementTest" name="testSearchProductExists" time="0.006"/>
  <system-out/>
  <testcase classname="com.simplilearn.testng.Test.StockManagementTest" name="testSearchProductNotExists" time="0.006"/>
  <system-out/>
</testsuite> <!-- com.simplilearn.testng.Test.StockManagementTest -->
